#
# There is insufficient memory for the Java Runtime Environment to continue.
# Native memory allocation (mmap) failed to map 32505856 bytes for committing reserved memory.
# Possible reasons:
#   The system is out of physical RAM or swap space
#   In 32 bit mode, the process size limit was hit
# Possible solutions:
#   Reduce memory load on the system
#   Increase physical memory or swap space
#   Check if swap backing store is full
#   Use 64 bit Java on a 64 bit OS
#   Decrease Java heap size (-Xmx/-Xms)
#   Decrease number of Java threads
#   Decrease Java thread stack sizes (-Xss)
#   Set larger code cache with -XX:ReservedCodeCacheSize=
# This output file may be truncated or incomplete.
#
#  Out of Memory Error (os_linux.cpp:2643), pid=6920, tid=0x00007f119c5a4700
#
# JRE version: OpenJDK Runtime Environment (8.0_151-b12) (build 1.8.0_151-8u151-b12-0ubuntu0.17.10.2-b12)
# Java VM: OpenJDK 64-Bit Server VM (25.151-b12 mixed mode linux-amd64 compressed oops)
# Failed to write core dump. Core dumps have been disabled. To enable core dumping, try "ulimit -c unlimited" before starting Java again
#

---------------  T H R E A D  ---------------

Current thread (0x00007f1198074000):  VMThread [stack: 0x00007f119c4a4000,0x00007f119c5a5000] [id=6945]

Stack: [0x00007f119c4a4000,0x00007f119c5a5000],  sp=0x00007f119c5a3490,  free space=1021k
Native frames: (J=compiled Java code, j=interpreted, Vv=VM code, C=native code)
V  [libjvm.so+0xaa61a2]
V  [libjvm.so+0x4d6d87]
V  [libjvm.so+0x8e2760]
V  [libjvm.so+0x8dcdce]
V  [libjvm.so+0x95cc36]
V  [libjvm.so+0x95dfa8]
V  [libjvm.so+0x95a5a6]
V  [libjvm.so+0x95a93c]
V  [libjvm.so+0x909488]
V  [libjvm.so+0xaa7e12]
V  [libjvm.so+0xaac8e6]
V  [libjvm.so+0xaaac65]
V  [libjvm.so+0xaab5dd]
V  [libjvm.so+0xaab9b7]
V  [libjvm.so+0x8dfcb2]

VM_Operation (0x00007f11a1b748c0): ParallelGCFailedAllocation, mode: safepoint, requested by thread 0x00007f119800a800


---------------  P R O C E S S  ---------------

Java Threads: ( => current thread )
  0x00007f11980af000 JavaThread "Service Thread" daemon [_thread_blocked, id=6951, stack(0x00007f1188b22000,0x00007f1188c23000)]
  0x00007f11980ac800 JavaThread "C1 CompilerThread1" daemon [_thread_blocked, id=6950, stack(0x00007f1188c23000,0x00007f1188d24000)]
  0x00007f11980a9800 JavaThread "C2 CompilerThread0" daemon [_thread_blocked, id=6949, stack(0x00007f119c0a0000,0x00007f119c1a1000)]
  0x00007f11980a7800 JavaThread "Signal Dispatcher" daemon [_thread_blocked, id=6948, stack(0x00007f119c1a1000,0x00007f119c2a2000)]
  0x00007f1198080800 JavaThread "Finalizer" daemon [_thread_blocked, id=6947, stack(0x00007f119c2a2000,0x00007f119c3a3000)]
  0x00007f119807c000 JavaThread "Reference Handler" daemon [_thread_blocked, id=6946, stack(0x00007f119c3a3000,0x00007f119c4a4000)]
  0x00007f119800a800 JavaThread "main" [_thread_blocked, id=6942, stack(0x00007f11a1a77000,0x00007f11a1b78000)]

Other Threads:
=>0x00007f1198074000 VMThread [stack: 0x00007f119c4a4000,0x00007f119c5a5000] [id=6945]
  0x00007f11980be000 WatcherThread [stack: 0x00007f1188a21000,0x00007f1188b22000] [id=6952]

VM state:at safepoint (normal execution)

VM Mutex/Monitor currently owned by a thread:  ([mutex/lock_event])
[0x00007f1198007070] Threads_lock - owner thread: 0x00007f1198074000
[0x00007f1198007570] Heap_lock - owner thread: 0x00007f119800a800

Heap:
 PSYoungGen      total 34304K, used 2560K [0x00000000eb800000, 0x00000000edc00000, 0x0000000100000000)
  eden space 31744K, 0% used [0x00000000eb800000,0x00000000eb800000,0x00000000ed700000)
  from space 2560K, 100% used [0x00000000ed700000,0x00000000ed980000,0x00000000ed980000)
  to   space 2560K, 0% used [0x00000000ed980000,0x00000000ed980000,0x00000000edc00000)
 ParOldGen       total 42496K, used 3940K [0x00000000c2800000, 0x00000000c5180000, 0x00000000eb800000)
  object space 42496K, 9% used [0x00000000c2800000,0x00000000c2bd9050,0x00000000c5180000)
 Metaspace       used 10814K, capacity 10942K, committed 11264K, reserved 1058816K
  class space    used 1329K, capacity 1411K, committed 1536K, reserved 1048576K

Card table byte_map: [0x00007f119de98000,0x00007f119e085000] byte_map_base: 0x00007f119d884000

Marking Bits: (ParMarkBitMap*) 0x00007f11a0d250e0
 Begin Bits: [0x00007f1182140000, 0x00007f11830a0000)
 End Bits:   [0x00007f11830a0000, 0x00007f1184000000)

Polling page: 0x00007f11a1b94000

CodeCache: size=245760Kb used=3628Kb max_used=3637Kb free=242132Kb
 bounds [0x00007f1189000000, 0x00007f1189390000, 0x00007f1198000000]
 total_blobs=1222 nmethods=927 adapters=210
 compilation: enabled

Compilation events (10 events):
Event: 33.155 Thread 0x00007f11980ac800 nmethod 935 0x00007f1189389890 code [0x00007f1189389a00, 0x00007f1189389c08]
Event: 33.157 Thread 0x00007f11980ac800  939       3       java.lang.reflect.Proxy$Key1::equals (47 bytes)
Event: 33.164 Thread 0x00007f11980ac800 nmethod 939 0x00007f1189389cd0 code [0x00007f1189389e60, 0x00007f118938a4b0]
Event: 33.164 Thread 0x00007f11980ac800  940       3       java.lang.reflect.Constructor::getAnnotation (6 bytes)
Event: 33.167 Thread 0x00007f11980ac800 nmethod 940 0x00007f118938a5d0 code [0x00007f118938a7c0, 0x00007f118938afc8]
Event: 39.516 Thread 0x00007f11980a9800 nmethod 938 0x00007f118938e550 code [0x00007f118938e6c0, 0x00007f118938ea78]
Event: 39.569 Thread 0x00007f11980a9800  941       4       java.util.HashMap::getNode (148 bytes)
Event: 39.749 Thread 0x00007f11980a9800 nmethod 941 0x00007f118938ed10 code [0x00007f118938ee80, 0x00007f118938f0d8]
Event: 44.649 Thread 0x00007f11980ac800  942       3       com.google.inject.internal.ProviderInstanceBindingImpl::withScoping (25 bytes)
Event: 44.689 Thread 0x00007f11980ac800 nmethod 942 0x00007f118938dd10 code [0x00007f118938dea0, 0x00007f118938e388]

GC Heap History (5 events):
Event: 2.071 GC heap before
{Heap before GC invocations=1 (full 0):
 PSYoungGen      total 18432K, used 15872K [0x00000000eb800000, 0x00000000ecc80000, 0x0000000100000000)
  eden space 15872K, 100% used [0x00000000eb800000,0x00000000ec780000,0x00000000ec780000)
  from space 2560K, 0% used [0x00000000eca00000,0x00000000eca00000,0x00000000ecc80000)
  to   space 2560K, 0% used [0x00000000ec780000,0x00000000ec780000,0x00000000eca00000)
 ParOldGen       total 42496K, used 0K [0x00000000c2800000, 0x00000000c5180000, 0x00000000eb800000)
  object space 42496K, 0% used [0x00000000c2800000,0x00000000c2800000,0x00000000c5180000)
 Metaspace       used 6479K, capacity 6684K, committed 6784K, reserved 1056768K
  class space    used 741K, capacity 824K, committed 896K, reserved 1048576K
Event: 2.094 GC heap after
Heap after GC invocations=1 (full 0):
 PSYoungGen      total 18432K, used 2553K [0x00000000eb800000, 0x00000000edc00000, 0x0000000100000000)
  eden space 15872K, 0% used [0x00000000eb800000,0x00000000eb800000,0x00000000ec780000)
  from space 2560K, 99% used [0x00000000ec780000,0x00000000ec9fe688,0x00000000eca00000)
  to   space 2560K, 0% used [0x00000000ed980000,0x00000000ed980000,0x00000000edc00000)
 ParOldGen       total 42496K, used 468K [0x00000000c2800000, 0x00000000c5180000, 0x00000000eb800000)
  object space 42496K, 1% used [0x00000000c2800000,0x00000000c2875168,0x00000000c5180000)
 Metaspace       used 6479K, capacity 6684K, committed 6784K, reserved 1056768K
  class space    used 741K, capacity 824K, committed 896K, reserved 1048576K
}
Event: 3.482 GC heap before
{Heap before GC invocations=2 (full 0):
 PSYoungGen      total 18432K, used 18425K [0x00000000eb800000, 0x00000000edc00000, 0x0000000100000000)
  eden space 15872K, 100% used [0x00000000eb800000,0x00000000ec780000,0x00000000ec780000)
  from space 2560K, 99% used [0x00000000ec780000,0x00000000ec9fe688,0x00000000eca00000)
  to   space 2560K, 0% used [0x00000000ed980000,0x00000000ed980000,0x00000000edc00000)
 ParOldGen       total 42496K, used 468K [0x00000000c2800000, 0x00000000c5180000, 0x00000000eb800000)
  object space 42496K, 1% used [0x00000000c2800000,0x00000000c2875168,0x00000000c5180000)
 Metaspace       used 7809K, capacity 7932K, committed 8192K, reserved 1056768K
  class space    used 945K, capacity 984K, committed 1024K, reserved 1048576K
Event: 3.526 GC heap after
Heap after GC invocations=2 (full 0):
 PSYoungGen      total 34304K, used 2546K [0x00000000eb800000, 0x00000000edc00000, 0x0000000100000000)
  eden space 31744K, 0% used [0x00000000eb800000,0x00000000eb800000,0x00000000ed700000)
  from space 2560K, 99% used [0x00000000ed980000,0x00000000edbfc8c0,0x00000000edc00000)
  to   space 2560K, 0% used [0x00000000ed700000,0x00000000ed700000,0x00000000ed980000)
 ParOldGen       total 42496K, used 723K [0x00000000c2800000, 0x00000000c5180000, 0x00000000eb800000)
  object space 42496K, 1% used [0x00000000c2800000,0x00000000c28b4ff8,0x00000000c5180000)
 Metaspace       used 7809K, capacity 7932K, committed 8192K, reserved 1056768K
  class space    used 945K, capacity 984K, committed 1024K, reserved 1048576K
}
Event: 45.806 GC heap before
{Heap before GC invocations=3 (full 0):
 PSYoungGen      total 34304K, used 34290K [0x00000000eb800000, 0x00000000edc00000, 0x0000000100000000)
  eden space 31744K, 100% used [0x00000000eb800000,0x00000000ed700000,0x00000000ed700000)
  from space 2560K, 99% used [0x00000000ed980000,0x00000000edbfc8c0,0x00000000edc00000)
  to   space 2560K, 0% used [0x00000000ed700000,0x00000000ed700000,0x00000000ed980000)
 ParOldGen       total 42496K, used 723K [0x00000000c2800000, 0x00000000c5180000, 0x00000000eb800000)
  object space 42496K, 1% used [0x00000000c2800000,0x00000000c28b4ff8,0x00000000c5180000)
 Metaspace       used 10814K, capacity 10942K, committed 11264K, reserved 1058816K
  class space    used 1329K, capacity 1411K, committed 1536K, reserved 1048576K

Deoptimization events (6 events):
Event: 0.794 Thread 0x00007f119800a800 Uncommon trap: reason=unstable_if action=reinterpret pc=0x00007f1189194b08 method=org.codehaus.plexus.util.xml.pull.MXParser.more()C @ 8
Event: 0.961 Thread 0x00007f119800a800 Uncommon trap: reason=unstable_if action=reinterpret pc=0x00007f11891c5250 method=java.lang.String.replace(CC)Ljava/lang/String; @ 26
Event: 1.586 Thread 0x00007f119800a800 Uncommon trap: reason=unstable_if action=reinterpret pc=0x00007f1189183354 method=java.lang.String.indexOf([CII[CIII)I @ 3
Event: 6.223 Thread 0x00007f119800a800 Uncommon trap: reason=range_check action=make_not_entrant pc=0x00007f11892aff80 method=sun.reflect.generics.parser.SignatureParser.current()C @ 34
Event: 6.255 Thread 0x00007f119800a800 Uncommon trap: reason=unstable_if action=reinterpret pc=0x00007f1189293a30 method=java.util.HashMap.getNode(ILjava/lang/Object;)Ljava/util/HashMap$Node; @ 129
Event: 6.255 Thread 0x00007f119800a800 Uncommon trap: reason=unstable_if action=reinterpret pc=0x00007f118926f9dc method=java.util.HashMap.getNode(ILjava/lang/Object;)Ljava/util/HashMap$Node; @ 129

Internal exceptions (10 events):
Event: 3.184 Thread 0x00007f119800a800 Exception <a 'java/lang/ArrayIndexOutOfBoundsException'> (0x00000000ebe524f0) thrown at [/build/openjdk-8-bnv6fG/openjdk-8-8u151-b12/src/hotspot/src/share/vm/runtime/sharedRuntime.cpp, line 605]
Event: 3.184 Thread 0x00007f119800a800 Exception <a 'java/lang/ArrayIndexOutOfBoundsException'> (0x00000000ebe53c30) thrown at [/build/openjdk-8-bnv6fG/openjdk-8-8u151-b12/src/hotspot/src/share/vm/runtime/sharedRuntime.cpp, line 605]
Event: 3.184 Thread 0x00007f119800a800 Exception <a 'java/lang/ArrayIndexOutOfBoundsException'> (0x00000000ebe553f8) thrown at [/build/openjdk-8-bnv6fG/openjdk-8-8u151-b12/src/hotspot/src/share/vm/runtime/sharedRuntime.cpp, line 605]
Event: 3.184 Thread 0x00007f119800a800 Exception <a 'java/lang/ArrayIndexOutOfBoundsException'> (0x00000000ebe57148) thrown at [/build/openjdk-8-bnv6fG/openjdk-8-8u151-b12/src/hotspot/src/share/vm/runtime/sharedRuntime.cpp, line 605]
Event: 3.184 Thread 0x00007f119800a800 Exception <a 'java/lang/ArrayIndexOutOfBoundsException'> (0x00000000ebe586a0) thrown at [/build/openjdk-8-bnv6fG/openjdk-8-8u151-b12/src/hotspot/src/share/vm/runtime/sharedRuntime.cpp, line 605]
Event: 3.185 Thread 0x00007f119800a800 Exception <a 'java/lang/ArrayIndexOutOfBoundsException'> (0x00000000ebe59d48) thrown at [/build/openjdk-8-bnv6fG/openjdk-8-8u151-b12/src/hotspot/src/share/vm/runtime/sharedRuntime.cpp, line 605]
Event: 4.150 Thread 0x00007f119800a800 Exception <a 'java/lang/ArrayIndexOutOfBoundsException'> (0x00000000ebb9b950) thrown at [/build/openjdk-8-bnv6fG/openjdk-8-8u151-b12/src/hotspot/src/share/vm/runtime/sharedRuntime.cpp, line 605]
Event: 4.150 Thread 0x00007f119800a800 Exception <a 'java/lang/ArrayIndexOutOfBoundsException'> (0x00000000ebb9d2f8) thrown at [/build/openjdk-8-bnv6fG/openjdk-8-8u151-b12/src/hotspot/src/share/vm/runtime/sharedRuntime.cpp, line 605]
Event: 6.223 Thread 0x00007f119800a800 Exception <a 'java/lang/ArrayIndexOutOfBoundsException': 85> (0x00000000ec0beb88) thrown at [/build/openjdk-8-bnv6fG/openjdk-8-8u151-b12/src/hotspot/src/share/vm/interpreter/interpreterRuntime.cpp, line 366]
Event: 6.223 Thread 0x00007f119800a800 Exception <a 'java/lang/ArrayIndexOutOfBoundsException': 40> (0x00000000ec0c6098) thrown at [/build/openjdk-8-bnv6fG/openjdk-8-8u151-b12/src/hotspot/src/share/vm/interpreter/interpreterRuntime.cpp, line 366]

Events (10 events):
Event: 41.511 loading class org/apache/maven/plugin/DefaultPluginRealmCache done
Event: 41.608 loading class org/apache/maven/plugin/PluginRealmCache$Key
Event: 41.610 loading class org/apache/maven/plugin/PluginRealmCache$Key done
Event: 42.167 loading class org/apache/maven/plugin/PluginRealmCache$CacheRecord
Event: 42.206 loading class org/apache/maven/plugin/PluginRealmCache$CacheRecord done
Event: 43.646 loading class org/apache/maven/artifact/resolver/DefaultArtifactCollector
Event: 43.652 loading class org/apache/maven/artifact/resolver/DefaultArtifactCollector done
Event: 44.668 loading class org/apache/maven/model/superpom/DefaultSuperPomProvider
Event: 44.669 loading class org/apache/maven/model/superpom/DefaultSuperPomProvider done
Event: 45.104 Executing VM operation: ParallelGCFailedAllocation


Dynamic libraries:
c2800000-c5180000 rw-p 00000000 00:00 0 
c5180000-eb800000 ---p 00000000 00:00 0 
eb800000-edc00000 rw-p 00000000 00:00 0 
efb00000-100000000 ---p 00000000 00:00 0 
100000000-100180000 rw-p 00000000 00:00 0 
100180000-140000000 ---p 00000000 00:00 0 
55be7fee4000-55be7fee5000 r-xp 00000000 08:01 2622784                    /usr/lib/jvm/java-8-openjdk-amd64/jre/bin/java
55be800e4000-55be800e5000 r--p 00000000 08:01 2622784                    /usr/lib/jvm/java-8-openjdk-amd64/jre/bin/java
55be800e5000-55be800e6000 rw-p 00001000 08:01 2622784                    /usr/lib/jvm/java-8-openjdk-amd64/jre/bin/java
55be80391000-55be803b2000 rw-p 00000000 00:00 0                          [heap]
7f1158000000-7f1158021000 rw-p 00000000 00:00 0 
7f1158021000-7f115c000000 ---p 00000000 00:00 0 
7f1160000000-7f11603be000 rw-p 00000000 00:00 0 
7f11603be000-7f1164000000 ---p 00000000 00:00 0 
7f1164000000-7f1164021000 rw-p 00000000 00:00 0 
7f1164021000-7f1168000000 ---p 00000000 00:00 0 
7f1168000000-7f1168021000 rw-p 00000000 00:00 0 
7f1168021000-7f116c000000 ---p 00000000 00:00 0 
7f116c000000-7f116c28f000 rw-p 00000000 00:00 0 
7f116c28f000-7f1170000000 ---p 00000000 00:00 0 
7f1170000000-7f1170021000 rw-p 00000000 00:00 0 
7f1170021000-7f1174000000 ---p 00000000 00:00 0 
7f1174000000-7f1174021000 rw-p 00000000 00:00 0 
7f1174021000-7f1178000000 ---p 00000000 00:00 0 
7f1178000000-7f1178021000 rw-p 00000000 00:00 0 
7f1178021000-7f117c000000 ---p 00000000 00:00 0 
7f117c000000-7f117c021000 rw-p 00000000 00:00 0 
7f117c021000-7f1180000000 ---p 00000000 00:00 0 
7f1182140000-7f1184000000 rw-p 00000000 00:00 0 
7f1184000000-7f1184021000 rw-p 00000000 00:00 0 
7f1184021000-7f1188000000 ---p 00000000 00:00 0 
7f118879b000-7f118891b000 rw-p 00000000 00:00 0 
7f118891b000-7f118899b000 ---p 00000000 00:00 0 
7f118899b000-7f118899c000 r--s 00000000 08:01 2504268                    /usr/share/java/geronimo-interceptor-3.0-spec-1.0.1.jar
7f118899c000-7f118899e000 r--s 00012000 08:01 2504121                    /usr/share/java/el-api-3.0.jar
7f118899e000-7f118899f000 r--s 00000000 08:01 2501519                    /usr/share/java/atinject-jsr330-api-1.0.jar
7f118899f000-7f11889a3000 r--s 0000d000 08:01 2504135                    /usr/share/java/cdi-api.jar
7f11889a3000-7f11889a4000 r--s 00000000 08:01 2501519                    /usr/share/java/atinject-jsr330-api-1.0.jar
7f11889a4000-7f11889ac000 r--s 00068000 08:01 2504296                    /usr/share/java/commons-lang3.jar
7f11889ac000-7f11889b1000 r--s 00026000 08:01 2504258                    /usr/share/java/maven3-model-builder.jar
7f11889b1000-7f11889b3000 r--s 0000a000 08:01 2504262                    /usr/share/java/maven3-plugin-api.jar
7f11889b3000-7f11889ba000 r--s 00054000 08:01 2504590                    /usr/share/java/sisu-inject.jar
7f11889ba000-7f11889bc000 r--s 00008000 08:01 2504317                    /usr/share/java/maven-resolver-connector-basic.jar
7f11889bc000-7f11889e8000 r--s 00208000 08:01 2504384                    /usr/share/java/guava.jar
7f11889e8000-7f11889f5000 r--s 0008b000 08:01 2504254                    /usr/share/java/maven3-core.jar
7f11889f5000-7f11889fb000 r--s 00042000 08:01 2504252                    /usr/share/java/maven3-compat.jar
7f11889fb000-7f11889ff000 r--s 00023000 08:01 2504226                    /usr/share/java/maven-shared-utils.jar
7f11889ff000-7f1188a00000 r--s 00004000 08:01 2504275                    /usr/share/java/maven3-slf4j-provider.jar
7f1188a00000-7f1188a04000 r--s 00022000 08:01 2504367                    /usr/share/java/maven-resolver-util.jar
7f1188a04000-7f1188a06000 r--s 00006000 08:01 2504321                    /usr/share/java/maven-resolver-spi.jar
7f1188a06000-7f1188a14000 r--s 0009a000 08:01 2504599                    /usr/share/java/guice.jar
7f1188a14000-7f1188a16000 r--s 00008000 08:01 2504271                    /usr/share/java/maven3-settings-builder.jar
7f1188a16000-7f1188a18000 r--s 00000000 08:01 2504532                    /usr/share/java/plexus-component-annotations-1.5.jar
7f1188a18000-7f1188a19000 r--s 00001000 08:01 2504249                    /usr/share/java/wagon-file-2.x.jar
7f1188a19000-7f1188a1d000 r--s 0003b000 08:01 2504224                    /usr/share/java/plexus-utils2.jar
7f1188a1d000-7f1188a1f000 r--s 0000a000 08:01 2504144                    /usr/share/java/commons-cli.jar
7f1188a1f000-7f1188a21000 r--s 00007000 08:01 2504246                    /usr/share/java/jansi.jar
7f1188a21000-7f1188a22000 ---p 00000000 00:00 0 
7f1188a22000-7f1188b22000 rw-p 00000000 00:00 0 
7f1188b22000-7f1188b25000 ---p 00000000 00:00 0 
7f1188b25000-7f1188c23000 rw-p 00000000 00:00 0 
7f1188c23000-7f1188c26000 ---p 00000000 00:00 0 
7f1188c26000-7f1188d24000 rw-p 00000000 00:00 0 
7f1188d24000-7f1189000000 r--p 00000000 08:01 1967795                    /usr/lib/locale/locale-archive
7f1189000000-7f1189390000 rwxp 00000000 00:00 0 
7f1189390000-7f1198000000 ---p 00000000 00:00 0 
7f1198000000-7f119862b000 rw-p 00000000 00:00 0 
7f119862b000-7f119c000000 ---p 00000000 00:00 0 
7f119c000000-7f119c001000 r--s 00002000 08:01 2504250                    /usr/share/java/maven3-builder-support.jar
7f119c001000-7f119c002000 r--s 00006000 08:01 2504264                    /usr/share/java/maven3-repository-metadata.jar
7f119c002000-7f119c003000 r--s 00003000 08:01 2504576                    /usr/share/java/plexus-cipher.jar
7f119c003000-7f119c008000 r--s 0002e000 08:01 2504292                    /usr/share/java/commons-io.jar
7f119c008000-7f119c00a000 r--s 0000e000 08:01 2504270                    /usr/share/java/maven3-resolver-provider.jar
7f119c00a000-7f119c00e000 r--s 00028000 08:01 2504319                    /usr/share/java/maven-resolver-impl.jar
7f119c00e000-7f119c00f000 r--s 0000a000 08:01 2504273                    /usr/share/java/maven3-settings.jar
7f119c00f000-7f119c012000 r--s 0000a000 08:01 2504248                    /usr/share/java/maven3-artifact.jar
7f119c012000-7f119c018000 r--s 0002d000 08:01 2504534                    /usr/share/java/sisu-plexus.jar
7f119c018000-7f119c01a000 r--s 0000b000 08:01 2504261                    /usr/share/java/wagon-provider-api-2.x.jar
7f119c01a000-7f119c01d000 r--s 00027000 08:01 2504260                    /usr/share/java/maven3-model.jar
7f119c01d000-7f119c021000 r--s 0001f000 08:01 2504315                    /usr/share/java/maven-resolver-api.jar
7f119c021000-7f119c023000 r--s 00003000 08:01 2504200                    /usr/share/java/jcl-over-slf4j.jar
7f119c023000-7f119c050000 r--s 001cb000 08:01 2504257                    /usr/share/java/wagon-http-shaded-2.x.jar
7f119c050000-7f119c052000 r--s 00001000 08:01 2504456                    /usr/share/java/aopalliance-1.0.jar
7f119c052000-7f119c054000 r--s 00006000 08:01 2504341                    /usr/share/java/plexus-sec-dispatcher.jar
7f119c054000-7f119c057000 r--s 00015000 08:01 2504256                    /usr/share/java/maven3-embedder.jar
7f119c057000-7f119c059000 r--s 00005000 08:01 2504366                    /usr/share/java/maven-resolver-transport-wagon.jar
7f119c059000-7f119c05c000 r--s 00011000 08:01 2504578                    /usr/share/java/plexus-interpolation.jar
7f119c05c000-7f119c05e000 r--s 0000b000 08:01 2504222                    /usr/share/java/plexus-classworlds.jar
7f119c05e000-7f119c060000 r--s 00007000 08:01 2503940                    /usr/share/java/java-atk-wrapper.jar
7f119c060000-7f119c06a000 r--s 00116000 08:01 3018317                    /usr/lib/jvm/java-8-openjdk-amd64/jre/lib/ext/localedata.jar
7f119c06a000-7f119c085000 r--s 00394000 08:01 3018164                    /usr/lib/jvm/java-8-openjdk-amd64/jre/lib/ext/cldrdata.jar
7f119c085000-7f119c0a0000 r--s 001d6000 08:01 3018326                    /usr/lib/jvm/java-8-openjdk-amd64/jre/lib/ext/nashorn.jar
7f119c0a0000-7f119c0a3000 ---p 00000000 00:00 0 
7f119c0a3000-7f119c1a1000 rw-p 00000000 00:00 0 
7f119c1a1000-7f119c1a4000 ---p 00000000 00:00 0 
7f119c1a4000-7f119c2a2000 rw-p 00000000 00:00 0 
7f119c2a2000-7f119c2a5000 ---p 00000000 00:00 0 
7f119c2a5000-7f119c3a3000 rw-p 00000000 00:00 0 
7f119c3a3000-7f119c3a6000 ---p 00000000 00:00 0 
7f119c3a6000-7f119c4a4000 rw-p 00000000 00:00 0 
7f119c4a4000-7f119c4a5000 ---p 00000000 00:00 0 
7f119c4a5000-7f119cf1d000 rw-p 00000000 00:00 0 
7f119cf1d000-7f119d0ec000 r--s 03c21000 08:01 2755193                    /usr/lib/jvm/java-8-openjdk-amd64/jre/lib/rt.jar
7f119d0ec000-7f119db4e000 rw-p 00000000 00:00 0 
7f119db4e000-7f119db4f000 ---p 00000000 00:00 0 
7f119db4f000-7f119dc4f000 rw-p 00000000 00:00 0 
7f119dc4f000-7f119dc50000 ---p 00000000 00:00 0 
7f119dc50000-7f119dd65000 rw-p 00000000 00:00 0 
7f119dd65000-7f119de98000 ---p 00000000 00:00 0 
7f119de98000-7f119dead000 rw-p 00000000 00:00 0 
7f119dead000-7f119dfe0000 ---p 00000000 00:00 0 
7f119dfe0000-7f119dff2000 rw-p 00000000 00:00 0 
7f119dff2000-7f119e084000 ---p 00000000 00:00 0 
7f119e084000-7f119e094000 rw-p 00000000 00:00 0 
7f119e094000-7f119e445000 ---p 00000000 00:00 0 
7f119e445000-7f119e44d000 r-xp 00000000 08:01 2886598                    /usr/lib/jvm/java-8-openjdk-amd64/jre/lib/amd64/libzip.so
7f119e44d000-7f119e64c000 ---p 00008000 08:01 2886598                    /usr/lib/jvm/java-8-openjdk-amd64/jre/lib/amd64/libzip.so
7f119e64c000-7f119e64d000 r--p 00007000 08:01 2886598                    /usr/lib/jvm/java-8-openjdk-amd64/jre/lib/amd64/libzip.so
7f119e64d000-7f119e64e000 rw-p 00008000 08:01 2886598                    /usr/lib/jvm/java-8-openjdk-amd64/jre/lib/amd64/libzip.so
7f119e64e000-7f119e659000 r-xp 00000000 08:01 5906658                    /lib/x86_64-linux-gnu/libnss_files-2.26.so
7f119e659000-7f119e858000 ---p 0000b000 08:01 5906658                    /lib/x86_64-linux-gnu/libnss_files-2.26.so
7f119e858000-7f119e859000 r--p 0000a000 08:01 5906658                    /lib/x86_64-linux-gnu/libnss_files-2.26.so
7f119e859000-7f119e85a000 rw-p 0000b000 08:01 5906658                    /lib/x86_64-linux-gnu/libnss_files-2.26.so
7f119e85a000-7f119e860000 rw-p 00000000 00:00 0 
7f119e860000-7f119e86b000 r-xp 00000000 08:01 5906660                    /lib/x86_64-linux-gnu/libnss_nis-2.26.so
7f119e86b000-7f119ea6a000 ---p 0000b000 08:01 5906660                    /lib/x86_64-linux-gnu/libnss_nis-2.26.so
7f119ea6a000-7f119ea6b000 r--p 0000a000 08:01 5906660                    /lib/x86_64-linux-gnu/libnss_nis-2.26.so
7f119ea6b000-7f119ea6c000 rw-p 0000b000 08:01 5906660                    /lib/x86_64-linux-gnu/libnss_nis-2.26.so
7f119ea6c000-7f119ea83000 r-xp 00000000 08:01 5906655                    /lib/x86_64-linux-gnu/libnsl-2.26.so
7f119ea83000-7f119ec82000 ---p 00017000 08:01 5906655                    /lib/x86_64-linux-gnu/libnsl-2.26.so
7f119ec82000-7f119ec83000 r--p 00016000 08:01 5906655                    /lib/x86_64-linux-gnu/libnsl-2.26.so
7f119ec83000-7f119ec84000 rw-p 00017000 08:01 5906655                    /lib/x86_64-linux-gnu/libnsl-2.26.so
7f119ec84000-7f119ec86000 rw-p 00000000 00:00 0 
7f119ec86000-7f119ec8e000 r-xp 00000000 08:01 5906656                    /lib/x86_64-linux-gnu/libnss_compat-2.26.so
7f119ec8e000-7f119ee8d000 ---p 00008000 08:01 5906656                    /lib/x86_64-linux-gnu/libnss_compat-2.26.so
7f119ee8d000-7f119ee8e000 r--p 00007000 08:01 5906656                    /lib/x86_64-linux-gnu/libnss_compat-2.26.so
7f119ee8e000-7f119ee8f000 rw-p 00008000 08:01 5906656                    /lib/x86_64-linux-gnu/libnss_compat-2.26.so
7f119ee8f000-7f119eebc000 r-xp 00000000 08:01 2886560                    /usr/lib/jvm/java-8-openjdk-amd64/jre/lib/amd64/libjava.so
7f119eebc000-7f119f0bc000 ---p 0002d000 08:01 2886560                    /usr/lib/jvm/java-8-openjdk-amd64/jre/lib/amd64/libjava.so
7f119f0bc000-7f119f0bd000 r--p 0002d000 08:01 2886560                    /usr/lib/jvm/java-8-openjdk-amd64/jre/lib/amd64/libjava.so
7f119f0bd000-7f119f0bf000 rw-p 0002e000 08:01 2886560                    /usr/lib/jvm/java-8-openjdk-amd64/jre/lib/amd64/libjava.so
7f119f0bf000-7f119f0cf000 r-xp 00000000 08:01 2886597                    /usr/lib/jvm/java-8-openjdk-amd64/jre/lib/amd64/libverify.so
7f119f0cf000-7f119f2ce000 ---p 00010000 08:01 2886597                    /usr/lib/jvm/java-8-openjdk-amd64/jre/lib/amd64/libverify.so
7f119f2ce000-7f119f2d0000 r--p 0000f000 08:01 2886597                    /usr/lib/jvm/java-8-openjdk-amd64/jre/lib/amd64/libverify.so
7f119f2d0000-7f119f2d1000 rw-p 00011000 08:01 2886597                    /usr/lib/jvm/java-8-openjdk-amd64/jre/lib/amd64/libverify.so
7f119f2d1000-7f119f2d8000 r-xp 00000000 08:01 5906665                    /lib/x86_64-linux-gnu/librt-2.26.so
7f119f2d8000-7f119f4d7000 ---p 00007000 08:01 5906665                    /lib/x86_64-linux-gnu/librt-2.26.so
7f119f4d7000-7f119f4d8000 r--p 00006000 08:01 5906665                    /lib/x86_64-linux-gnu/librt-2.26.so
7f119f4d8000-7f119f4d9000 rw-p 00007000 08:01 5906665                    /lib/x86_64-linux-gnu/librt-2.26.so
7f119f4d9000-7f119f4ef000 r-xp 00000000 08:01 5904881                    /lib/x86_64-linux-gnu/libgcc_s.so.1
7f119f4ef000-7f119f6ee000 ---p 00016000 08:01 5904881                    /lib/x86_64-linux-gnu/libgcc_s.so.1
7f119f6ee000-7f119f6ef000 r--p 00015000 08:01 5904881                    /lib/x86_64-linux-gnu/libgcc_s.so.1
7f119f6ef000-7f119f6f0000 rw-p 00016000 08:01 5904881                    /lib/x86_64-linux-gnu/libgcc_s.so.1
7f119f6f0000-7f119f845000 r-xp 00000000 08:01 5906652                    /lib/x86_64-linux-gnu/libm-2.26.so
7f119f845000-7f119fa44000 ---p 00155000 08:01 5906652                    /lib/x86_64-linux-gnu/libm-2.26.so
7f119fa44000-7f119fa45000 r--p 00154000 08:01 5906652                    /lib/x86_64-linux-gnu/libm-2.26.so
7f119fa45000-7f119fa46000 rw-p 00155000 08:01 5906652                    /lib/x86_64-linux-gnu/libm-2.26.so
7f119fa46000-7f119fbbe000 r-xp 00000000 08:01 1969007                    /usr/lib/x86_64-linux-gnu/libstdc++.so.6.0.24
7f119fbbe000-7f119fdbd000 ---p 00178000 08:01 1969007                    /usr/lib/x86_64-linux-gnu/libstdc++.so.6.0.24
7f119fdbd000-7f119fdc7000 r--p 00177000 08:01 1969007                    /usr/lib/x86_64-linux-gnu/libstdc++.so.6.0.24
7f119fdc7000-7f119fdc9000 rw-p 00181000 08:01 1969007                    /usr/lib/x86_64-linux-gnu/libstdc++.so.6.0.24
7f119fdc9000-7f119fdcc000 rw-p 00000000 00:00 0 
7f119fdcc000-7f11a0a56000 r-xp 00000000 08:01 3016593                    /usr/lib/jvm/java-8-openjdk-amd64/jre/lib/amd64/server/libjvm.so
7f11a0a56000-7f11a0c56000 ---p 00c8a000 08:01 3016593                    /usr/lib/jvm/java-8-openjdk-amd64/jre/lib/amd64/server/libjvm.so
7f11a0c56000-7f11a0ce9000 r--p 00c8a000 08:01 3016593                    /usr/lib/jvm/java-8-openjdk-amd64/jre/lib/amd64/server/libjvm.so
7f11a0ce9000-7f11a0d11000 rw-p 00d1d000 08:01 3016593                    /usr/lib/jvm/java-8-openjdk-amd64/jre/lib/amd64/server/libjvm.so
7f11a0d11000-7f11a0d42000 rw-p 00000000 00:00 0 
7f11a0d42000-7f11a0d5c000 r-xp 00000000 08:01 5906663                    /lib/x86_64-linux-gnu/libpthread-2.26.so
7f11a0d5c000-7f11a0f5b000 ---p 0001a000 08:01 5906663                    /lib/x86_64-linux-gnu/libpthread-2.26.so
7f11a0f5b000-7f11a0f5c000 r--p 00019000 08:01 5906663                    /lib/x86_64-linux-gnu/libpthread-2.26.so
7f11a0f5c000-7f11a0f5d000 rw-p 0001a000 08:01 5906663                    /lib/x86_64-linux-gnu/libpthread-2.26.so
7f11a0f5d000-7f11a0f61000 rw-p 00000000 00:00 0 
7f11a0f61000-7f11a0f64000 r-xp 00000000 08:01 5906651                    /lib/x86_64-linux-gnu/libdl-2.26.so
7f11a0f64000-7f11a1163000 ---p 00003000 08:01 5906651                    /lib/x86_64-linux-gnu/libdl-2.26.so
7f11a1163000-7f11a1164000 r--p 00002000 08:01 5906651                    /lib/x86_64-linux-gnu/libdl-2.26.so
7f11a1164000-7f11a1165000 rw-p 00003000 08:01 5906651                    /lib/x86_64-linux-gnu/libdl-2.26.so
7f11a1165000-7f11a1181000 r-xp 00000000 08:01 5906812                    /lib/x86_64-linux-gnu/libz.so.1.2.11
7f11a1181000-7f11a1380000 ---p 0001c000 08:01 5906812                    /lib/x86_64-linux-gnu/libz.so.1.2.11
7f11a1380000-7f11a1381000 r--p 0001b000 08:01 5906812                    /lib/x86_64-linux-gnu/libz.so.1.2.11
7f11a1381000-7f11a1382000 rw-p 0001c000 08:01 5906812                    /lib/x86_64-linux-gnu/libz.so.1.2.11
7f11a1382000-7f11a1558000 r-xp 00000000 08:01 5906648                    /lib/x86_64-linux-gnu/libc-2.26.so
7f11a1558000-7f11a1758000 ---p 001d6000 08:01 5906648                    /lib/x86_64-linux-gnu/libc-2.26.so
7f11a1758000-7f11a175c000 r--p 001d6000 08:01 5906648                    /lib/x86_64-linux-gnu/libc-2.26.so
7f11a175c000-7f11a175e000 rw-p 001da000 08:01 5906648                    /lib/x86_64-linux-gnu/libc-2.26.so
7f11a175e000-7f11a1762000 rw-p 00000000 00:00 0 
7f11a1762000-7f11a1770000 r-xp 00000000 08:01 3016591                    /usr/lib/jvm/java-8-openjdk-amd64/jre/lib/amd64/jli/libjli.so
7f11a1770000-7f11a196f000 ---p 0000e000 08:01 3016591                    /usr/lib/jvm/java-8-openjdk-amd64/jre/lib/amd64/jli/libjli.so
7f11a196f000-7f11a1970000 r--p 0000d000 08:01 3016591                    /usr/lib/jvm/java-8-openjdk-amd64/jre/lib/amd64/jli/libjli.so
7f11a1970000-7f11a1971000 rw-p 0000e000 08:01 3016591                    /usr/lib/jvm/java-8-openjdk-amd64/jre/lib/amd64/jli/libjli.so
7f11a1971000-7f11a1998000 r-xp 00000000 08:01 5902809                    /lib/x86_64-linux-gnu/ld-2.26.so
7f11a1998000-7f11a199e000 r--s 0003a000 08:01 3018410                    /usr/lib/jvm/java-8-openjdk-amd64/jre/lib/ext/sunjce_provider.jar
7f11a199e000-7f11a1a77000 rw-p 00000000 00:00 0 
7f11a1a77000-7f11a1a7a000 ---p 00000000 00:00 0 
7f11a1a7a000-7f11a1b7d000 rw-p 00000000 00:00 0 
7f11a1b7d000-7f11a1b7e000 r--s 00009000 08:01 2504203                    /usr/share/java/slf4j-api.jar
7f11a1b7e000-7f11a1b82000 r--s 00037000 08:01 3018736                    /usr/lib/jvm/java-8-openjdk-amd64/jre/lib/ext/sunpkcs11.jar
7f11a1b82000-7f11a1b84000 r--s 00001000 08:01 3018211                    /usr/lib/jvm/java-8-openjdk-amd64/jre/lib/ext/dnsns.jar
7f11a1b84000-7f11a1b86000 r--s 00008000 08:01 3018327                    /usr/lib/jvm/java-8-openjdk-amd64/jre/lib/ext/sunec.jar
7f11a1b86000-7f11a1b87000 r--s 00010000 08:01 3018737                    /usr/lib/jvm/java-8-openjdk-amd64/jre/lib/ext/zipfs.jar
7f11a1b87000-7f11a1b88000 r--s 0000a000 08:01 3018316                    /usr/lib/jvm/java-8-openjdk-amd64/jre/lib/ext/jaccess.jar
7f11a1b88000-7f11a1b8b000 r--s 0000f000 08:01 3018313                    /usr/lib/jvm/java-8-openjdk-amd64/jre/lib/ext/icedtea-sound.jar
7f11a1b8b000-7f11a1b93000 rw-s 00000000 08:01 1311615                    /tmp/hsperfdata_root/6920
7f11a1b93000-7f11a1b94000 rw-p 00000000 00:00 0 
7f11a1b94000-7f11a1b95000 ---p 00000000 00:00 0 
7f11a1b95000-7f11a1b98000 rw-p 00000000 00:00 0 
7f11a1b98000-7f11a1b99000 r--p 00027000 08:01 5902809                    /lib/x86_64-linux-gnu/ld-2.26.so
7f11a1b99000-7f11a1b9a000 rw-p 00028000 08:01 5902809                    /lib/x86_64-linux-gnu/ld-2.26.so
7f11a1b9a000-7f11a1b9b000 rw-p 00000000 00:00 0 
7ffc87d25000-7ffc87d46000 rw-p 00000000 00:00 0                          [stack]
7ffc87d97000-7ffc87d9a000 r--p 00000000 00:00 0                          [vvar]
7ffc87d9a000-7ffc87d9c000 r-xp 00000000 00:00 0                          [vdso]
ffffffffff600000-ffffffffff601000 r-xp 00000000 00:00 0                  [vsyscall]

VM Arguments:
jvm_args: -Dclassworlds.conf=/usr/share/maven/bin/m2.conf -Dmaven.home=/usr/share/maven -Dmaven.multiModuleProjectDirectory=/root/code/BiDa/KafkaConsumer 
java_command: org.codehaus.plexus.classworlds.launcher.Launcher clean compile assembly:single
java_class_path (initial): /usr/share/maven/boot/plexus-classworlds-2.x.jar
Launcher Type: SUN_STANDARD

Environment Variables:
JAVA_HOME=/usr/lib/jvm/java-8-openjdk-amd64/
PATH=/usr/local/sbin:/usr/local/bin:/usr/sbin:/usr/bin:/sbin:/bin:/usr/games:/usr/local/games:/snap/bin
USERNAME=root
SHELL=/bin/bash
DISPLAY=:0

Signal Handlers:
SIGSEGV: [libjvm.so+0xaa6ae0], sa_mask[0]=11111111011111111101111111111110, sa_flags=SA_RESTART|SA_SIGINFO
SIGBUS: [libjvm.so+0xaa6ae0], sa_mask[0]=11111111011111111101111111111110, sa_flags=SA_RESTART|SA_SIGINFO
SIGFPE: [libjvm.so+0x8ddf00], sa_mask[0]=11111111011111111101111111111110, sa_flags=SA_RESTART|SA_SIGINFO
SIGPIPE: [libjvm.so+0x8ddf00], sa_mask[0]=11111111011111111101111111111110, sa_flags=SA_RESTART|SA_SIGINFO
SIGXFSZ: [libjvm.so+0x8ddf00], sa_mask[0]=11111111011111111101111111111110, sa_flags=SA_RESTART|SA_SIGINFO
SIGILL: [libjvm.so+0x8ddf00], sa_mask[0]=11111111011111111101111111111110, sa_flags=SA_RESTART|SA_SIGINFO
SIGUSR1: SIG_DFL, sa_mask[0]=00000000000000000000000000000000, sa_flags=none
SIGUSR2: [libjvm.so+0x8dddb0], sa_mask[0]=00000000000000000000000000000000, sa_flags=SA_RESTART|SA_SIGINFO
SIGHUP: [libjvm.so+0x8de260], sa_mask[0]=11111111011111111101111111111110, sa_flags=SA_RESTART|SA_SIGINFO
SIGINT: [libjvm.so+0x8de260], sa_mask[0]=11111111011111111101111111111110, sa_flags=SA_RESTART|SA_SIGINFO
SIGTERM: [libjvm.so+0x8de260], sa_mask[0]=11111111011111111101111111111110, sa_flags=SA_RESTART|SA_SIGINFO
SIGQUIT: [libjvm.so+0x8de260], sa_mask[0]=11111111011111111101111111111110, sa_flags=SA_RESTART|SA_SIGINFO


---------------  S Y S T E M  ---------------

OS:DISTRIB_ID=Ubuntu
DISTRIB_RELEASE=17.10
DISTRIB_CODENAME=artful
DISTRIB_DESCRIPTION="Ubuntu 17.10"

uname:Linux 4.13.0-19-generic #22-Ubuntu SMP Mon Dec 4 11:58:07 UTC 2017 x86_64
libc:glibc 2.26 NPTL 2.26 
rlimit: STACK 8192k, CORE 0k, NPROC 15506, NOFILE 4096, AS infinity
load average:5.16 1.94 1.11

/proc/meminfo:
MemTotal:        4022604 kB
MemFree:           91512 kB
MemAvailable:          0 kB
Buffers:             220 kB
Cached:            72372 kB
SwapCached:            0 kB
Active:          2962688 kB
Inactive:          67832 kB
Active(anon):    2959612 kB
Inactive(anon):    61756 kB
Active(file):       3076 kB
Inactive(file):     6076 kB
Unevictable:          32 kB
Mlocked:              32 kB
SwapTotal:             0 kB
SwapFree:              0 kB
Dirty:                52 kB
Writeback:             0 kB
AnonPages:       2958240 kB
Mapped:            58992 kB
Shmem:             63160 kB
Slab:             155120 kB
SReclaimable:      47240 kB
SUnreclaim:       107880 kB
KernelStack:       15424 kB
PageTables:        57332 kB
NFS_Unstable:          0 kB
Bounce:                0 kB
WritebackTmp:          0 kB
CommitLimit:     2011300 kB
Committed_AS:    8427472 kB
VmallocTotal:   34359738367 kB
VmallocUsed:           0 kB
VmallocChunk:          0 kB
HardwareCorrupted:     0 kB
AnonHugePages:         0 kB
ShmemHugePages:        0 kB
ShmemPmdMapped:        0 kB
CmaTotal:              0 kB
CmaFree:               0 kB
HugePages_Total:       0
HugePages_Free:        0
HugePages_Rsvd:        0
HugePages_Surp:        0
Hugepagesize:       2048 kB
DirectMap4k:      235328 kB
DirectMap2M:     3958784 kB
DirectMap1G:     2097152 kB


CPU:total 2 (initial active 2) (1 cores per cpu, 1 threads per core) family 6 model 142 stepping 9, cmov, cx8, fxsr, mmx, sse, sse2, sse3, ssse3, sse4.1, sse4.2, popcnt, avx, avx2, aes, clmul, erms, rtm, 3dnowpref, lzcnt, tsc, tscinvbit, bmi1, bmi2, adx

/proc/cpuinfo:
processor	: 0
vendor_id	: GenuineIntel
cpu family	: 6
model		: 142
model name	: Intel(R) Core(TM) i5-7300U CPU @ 2.60GHz
stepping	: 9
microcode	: 0x70
cpu MHz		: 2712.001
cache size	: 3072 KB
physical id	: 0
siblings	: 1
core id		: 0
cpu cores	: 1
apicid		: 0
initial apicid	: 0
fpu		: yes
fpu_exception	: yes
cpuid level	: 22
wp		: yes
flags		: fpu vme de pse tsc msr pae mce cx8 apic sep mtrr pge mca cmov pat pse36 clflush mmx fxsr sse sse2 ss syscall nx pdpe1gb rdtscp lm constant_tsc arch_perfmon nopl xtopology tsc_reliable nonstop_tsc cpuid pni pclmulqdq ssse3 fma cx16 pcid sse4_1 sse4_2 x2apic movbe popcnt tsc_deadline_timer aes xsave avx f16c rdrand hypervisor lahf_lm abm 3dnowprefetch cpuid_fault fsgsbase tsc_adjust bmi1 hle avx2 smep bmi2 invpcid rtm mpx rdseed adx smap clflushopt xsaveopt xsavec xsaves arat
bugs		:
bogomips	: 5424.00
clflush size	: 64
cache_alignment	: 64
address sizes	: 43 bits physical, 48 bits virtual
power management:

processor	: 1
vendor_id	: GenuineIntel
cpu family	: 6
model		: 142
model name	: Intel(R) Core(TM) i5-7300U CPU @ 2.60GHz
stepping	: 9
microcode	: 0x70
cpu MHz		: 2712.001
cache size	: 3072 KB
physical id	: 2
siblings	: 1
core id		: 0
cpu cores	: 1
apicid		: 2
initial apicid	: 2
fpu		: yes
fpu_exception	: yes
cpuid level	: 22
wp		: yes
flags		: fpu vme de pse tsc msr pae mce cx8 apic sep mtrr pge mca cmov pat pse36 clflush mmx fxsr sse sse2 ss syscall nx pdpe1gb rdtscp lm constant_tsc arch_perfmon nopl xtopology tsc_reliable nonstop_tsc cpuid pni pclmulqdq ssse3 fma cx16 pcid sse4_1 sse4_2 x2apic movbe popcnt tsc_deadline_timer aes xsave avx f16c rdrand hypervisor lahf_lm abm 3dnowprefetch cpuid_fault fsgsbase tsc_adjust bmi1 hle avx2 smep bmi2 invpcid rtm mpx rdseed adx smap clflushopt xsaveopt xsavec xsaves arat
bugs		:
bogomips	: 5424.00
clflush size	: 64
cache_alignment	: 64
address sizes	: 43 bits physical, 48 bits virtual
power management:



Memory: 4k page, physical 4022604k(89304k free), swap 0k(0k free)

vm_info: OpenJDK 64-Bit Server VM (25.151-b12) for linux-amd64 JRE (1.8.0_151-8u151-b12-0ubuntu0.17.10.2-b12), built on Oct 23 2017 22:43:02 by "buildd" with gcc 7.2.0

time: Sat Dec 16 18:11:13 2017
elapsed time: 50 seconds (0d 0h 0m 50s)

